2016-06-02 12:30:56 Error: [Cake\Database\Exception\MissingExtensionException] Database driver Cake\Database\Driver\Mysql cannot be used due to a missing PHP extension or unmet dependency
Exception Attributes: array (
  'driver' => 'Cake\\Database\\Driver\\Mysql',
)
Stack Trace:
#0 /opt/lampp/htdocs/cakephp3/vendor/cakephp/cakephp/src/Database/Connection.php(108): Cake\Database\Connection->driver('Cake\Database\D...', Array)
#1 /opt/lampp/htdocs/cakephp3/vendor/cakephp/cakephp/src/Datasource/ConnectionRegistry.php(87): Cake\Database\Connection->__construct(Array)
#2 /opt/lampp/htdocs/cakephp3/vendor/cakephp/cakephp/src/Core/ObjectRegistry.php(93): Cake\Datasource\ConnectionRegistry->_create('Cake\Database\C...', 'default', Array)
#3 /opt/lampp/htdocs/cakephp3/vendor/cakephp/cakephp/src/Datasource/ConnectionManager.php(202): Cake\Core\ObjectRegistry->load('default', Array)
#4 /opt/lampp/htdocs/cakephp3/vendor/cakephp/bake/src/Shell/Task/ModelTask.php(913): Cake\Datasource\ConnectionManager::get('default')
#5 /opt/lampp/htdocs/cakephp3/vendor/cakephp/bake/src/Shell/Task/ModelTask.php(875): Bake\Shell\Task\ModelTask->_getAllTables()
#6 /opt/lampp/htdocs/cakephp3/vendor/cakephp/bake/src/Shell/Task/ModelTask.php(889): Bake\Shell\Task\ModelTask->listAll()
#7 /opt/lampp/htdocs/cakephp3/vendor/cakephp/bake/src/Shell/BakeShell.php(228): Bake\Shell\Task\ModelTask->listUnskipped()
#8 [internal function]: Bake\Shell\BakeShell->all()
#9 /opt/lampp/htdocs/cakephp3/vendor/cakephp/cakephp/src/Console/Shell.php(444): call_user_func_array(Array, Array)
#10 /opt/lampp/htdocs/cakephp3/vendor/cakephp/cakephp/src/Console/ShellDispatcher.php(217): Cake\Console\Shell->runCommand(Array, true, Array)
#11 /opt/lampp/htdocs/cakephp3/vendor/cakephp/cakephp/src/Console/ShellDispatcher.php(181): Cake\Console\ShellDispatcher->_dispatch(Array)
#12 /opt/lampp/htdocs/cakephp3/vendor/cakephp/cakephp/src/Console/ShellDispatcher.php(127): Cake\Console\ShellDispatcher->dispatch(Array)
#13 /opt/lampp/htdocs/cakephp3/bin/cake.php(33): Cake\Console\ShellDispatcher::run(Array)
#14 {main}


2016-06-02 12:34:43 Error: [Cake\Database\Exception\MissingExtensionException] Database driver Cake\Database\Driver\Mysql cannot be used due to a missing PHP extension or unmet dependency
Exception Attributes: array (
  'driver' => 'Cake\\Database\\Driver\\Mysql',
)
Stack Trace:
#0 /opt/lampp/htdocs/cakephp3/vendor/cakephp/cakephp/src/Database/Connection.php(108): Cake\Database\Connection->driver('Cake\Database\D...', Array)
#1 /opt/lampp/htdocs/cakephp3/vendor/cakephp/cakephp/src/Datasource/ConnectionRegistry.php(87): Cake\Database\Connection->__construct(Array)
#2 /opt/lampp/htdocs/cakephp3/vendor/cakephp/cakephp/src/Core/ObjectRegistry.php(93): Cake\Datasource\ConnectionRegistry->_create('Cake\Database\C...', 'default', Array)
#3 /opt/lampp/htdocs/cakephp3/vendor/cakephp/cakephp/src/Datasource/ConnectionManager.php(202): Cake\Core\ObjectRegistry->load('default', Array)
#4 /opt/lampp/htdocs/cakephp3/vendor/cakephp/bake/src/Shell/Task/ModelTask.php(913): Cake\Datasource\ConnectionManager::get('default')
#5 /opt/lampp/htdocs/cakephp3/vendor/cakephp/bake/src/Shell/Task/ModelTask.php(875): Bake\Shell\Task\ModelTask->_getAllTables()
#6 /opt/lampp/htdocs/cakephp3/vendor/cakephp/bake/src/Shell/Task/ModelTask.php(889): Bake\Shell\Task\ModelTask->listAll()
#7 /opt/lampp/htdocs/cakephp3/vendor/cakephp/bake/src/Shell/BakeShell.php(228): Bake\Shell\Task\ModelTask->listUnskipped()
#8 [internal function]: Bake\Shell\BakeShell->all()
#9 /opt/lampp/htdocs/cakephp3/vendor/cakephp/cakephp/src/Console/Shell.php(444): call_user_func_array(Array, Array)
#10 /opt/lampp/htdocs/cakephp3/vendor/cakephp/cakephp/src/Console/ShellDispatcher.php(217): Cake\Console\Shell->runCommand(Array, true, Array)
#11 /opt/lampp/htdocs/cakephp3/vendor/cakephp/cakephp/src/Console/ShellDispatcher.php(181): Cake\Console\ShellDispatcher->_dispatch(Array)
#12 /opt/lampp/htdocs/cakephp3/vendor/cakephp/cakephp/src/Console/ShellDispatcher.php(127): Cake\Console\ShellDispatcher->dispatch(Array)
#13 /opt/lampp/htdocs/cakephp3/bin/cake.php(33): Cake\Console\ShellDispatcher::run(Array)
#14 {main}


2016-06-02 12:35:33 Error: [Cake\Database\Exception\MissingExtensionException] Database driver Cake\Database\Driver\Mysql cannot be used due to a missing PHP extension or unmet dependency
Exception Attributes: array (
  'driver' => 'Cake\\Database\\Driver\\Mysql',
)
Stack Trace:
#0 /opt/lampp/htdocs/cakephp3/vendor/cakephp/cakephp/src/Database/Connection.php(108): Cake\Database\Connection->driver('Cake\Database\D...', Array)
#1 /opt/lampp/htdocs/cakephp3/vendor/cakephp/cakephp/src/Datasource/ConnectionRegistry.php(87): Cake\Database\Connection->__construct(Array)
#2 /opt/lampp/htdocs/cakephp3/vendor/cakephp/cakephp/src/Core/ObjectRegistry.php(93): Cake\Datasource\ConnectionRegistry->_create('Cake\Database\C...', 'default', Array)
#3 /opt/lampp/htdocs/cakephp3/vendor/cakephp/cakephp/src/Datasource/ConnectionManager.php(202): Cake\Core\ObjectRegistry->load('default', Array)
#4 /opt/lampp/htdocs/cakephp3/vendor/cakephp/bake/src/Shell/Task/ModelTask.php(913): Cake\Datasource\ConnectionManager::get('default')
#5 /opt/lampp/htdocs/cakephp3/vendor/cakephp/bake/src/Shell/Task/ModelTask.php(875): Bake\Shell\Task\ModelTask->_getAllTables()
#6 /opt/lampp/htdocs/cakephp3/vendor/cakephp/bake/src/Shell/Task/ModelTask.php(889): Bake\Shell\Task\ModelTask->listAll()
#7 /opt/lampp/htdocs/cakephp3/vendor/cakephp/bake/src/Shell/BakeShell.php(228): Bake\Shell\Task\ModelTask->listUnskipped()
#8 [internal function]: Bake\Shell\BakeShell->all()
#9 /opt/lampp/htdocs/cakephp3/vendor/cakephp/cakephp/src/Console/Shell.php(444): call_user_func_array(Array, Array)
#10 /opt/lampp/htdocs/cakephp3/vendor/cakephp/cakephp/src/Console/ShellDispatcher.php(217): Cake\Console\Shell->runCommand(Array, true, Array)
#11 /opt/lampp/htdocs/cakephp3/vendor/cakephp/cakephp/src/Console/ShellDispatcher.php(181): Cake\Console\ShellDispatcher->_dispatch(Array)
#12 /opt/lampp/htdocs/cakephp3/vendor/cakephp/cakephp/src/Console/ShellDispatcher.php(127): Cake\Console\ShellDispatcher->dispatch(Array)
#13 /opt/lampp/htdocs/cakephp3/bin/cake.php(33): Cake\Console\ShellDispatcher::run(Array)
#14 {main}


2016-06-02 12:40:41 Error: [Cake\Database\Exception\MissingExtensionException] Database driver Cake\Database\Driver\Mysql cannot be used due to a missing PHP extension or unmet dependency
Exception Attributes: array (
  'driver' => 'Cake\\Database\\Driver\\Mysql',
)
Stack Trace:
#0 /opt/lampp/htdocs/cakephp3/vendor/cakephp/cakephp/src/Database/Connection.php(108): Cake\Database\Connection->driver('Cake\Database\D...', Array)
#1 /opt/lampp/htdocs/cakephp3/vendor/cakephp/cakephp/src/Datasource/ConnectionRegistry.php(87): Cake\Database\Connection->__construct(Array)
#2 /opt/lampp/htdocs/cakephp3/vendor/cakephp/cakephp/src/Core/ObjectRegistry.php(93): Cake\Datasource\ConnectionRegistry->_create('Cake\Database\C...', 'default', Array)
#3 /opt/lampp/htdocs/cakephp3/vendor/cakephp/cakephp/src/Datasource/ConnectionManager.php(202): Cake\Core\ObjectRegistry->load('default', Array)
#4 /opt/lampp/htdocs/cakephp3/vendor/cakephp/bake/src/Shell/Task/ModelTask.php(913): Cake\Datasource\ConnectionManager::get('default')
#5 /opt/lampp/htdocs/cakephp3/vendor/cakephp/bake/src/Shell/Task/ModelTask.php(875): Bake\Shell\Task\ModelTask->_getAllTables()
#6 /opt/lampp/htdocs/cakephp3/vendor/cakephp/bake/src/Shell/Task/ModelTask.php(889): Bake\Shell\Task\ModelTask->listAll()
#7 /opt/lampp/htdocs/cakephp3/vendor/cakephp/bake/src/Shell/BakeShell.php(228): Bake\Shell\Task\ModelTask->listUnskipped()
#8 [internal function]: Bake\Shell\BakeShell->all()
#9 /opt/lampp/htdocs/cakephp3/vendor/cakephp/cakephp/src/Console/Shell.php(444): call_user_func_array(Array, Array)
#10 /opt/lampp/htdocs/cakephp3/vendor/cakephp/cakephp/src/Console/ShellDispatcher.php(217): Cake\Console\Shell->runCommand(Array, true, Array)
#11 /opt/lampp/htdocs/cakephp3/vendor/cakephp/cakephp/src/Console/ShellDispatcher.php(181): Cake\Console\ShellDispatcher->_dispatch(Array)
#12 /opt/lampp/htdocs/cakephp3/vendor/cakephp/cakephp/src/Console/ShellDispatcher.php(127): Cake\Console\ShellDispatcher->dispatch(Array)
#13 /opt/lampp/htdocs/cakephp3/bin/cake.php(33): Cake\Console\ShellDispatcher::run(Array)
#14 {main}


2016-06-02 13:14:48 Error: [Cake\Database\Exception\MissingExtensionException] Database driver Cake\Database\Driver\Mysql cannot be used due to a missing PHP extension or unmet dependency
Exception Attributes: array (
  'driver' => 'Cake\\Database\\Driver\\Mysql',
)
Stack Trace:
#0 /opt/lampp/htdocs/cakephp3/vendor/cakephp/cakephp/src/Database/Connection.php(108): Cake\Database\Connection->driver('Cake\Database\D...', Array)
#1 /opt/lampp/htdocs/cakephp3/vendor/cakephp/cakephp/src/Datasource/ConnectionRegistry.php(87): Cake\Database\Connection->__construct(Array)
#2 /opt/lampp/htdocs/cakephp3/vendor/cakephp/cakephp/src/Core/ObjectRegistry.php(93): Cake\Datasource\ConnectionRegistry->_create('Cake\Database\C...', 'default', Array)
#3 /opt/lampp/htdocs/cakephp3/vendor/cakephp/cakephp/src/Datasource/ConnectionManager.php(202): Cake\Core\ObjectRegistry->load('default', Array)
#4 /opt/lampp/htdocs/cakephp3/vendor/cakephp/bake/src/Shell/Task/ModelTask.php(913): Cake\Datasource\ConnectionManager::get('default')
#5 /opt/lampp/htdocs/cakephp3/vendor/cakephp/bake/src/Shell/Task/ModelTask.php(875): Bake\Shell\Task\ModelTask->_getAllTables()
#6 /opt/lampp/htdocs/cakephp3/vendor/cakephp/bake/src/Shell/Task/ModelTask.php(889): Bake\Shell\Task\ModelTask->listAll()
#7 /opt/lampp/htdocs/cakephp3/vendor/cakephp/bake/src/Shell/BakeShell.php(228): Bake\Shell\Task\ModelTask->listUnskipped()
#8 [internal function]: Bake\Shell\BakeShell->all()
#9 /opt/lampp/htdocs/cakephp3/vendor/cakephp/cakephp/src/Console/Shell.php(444): call_user_func_array(Array, Array)
#10 /opt/lampp/htdocs/cakephp3/vendor/cakephp/cakephp/src/Console/ShellDispatcher.php(217): Cake\Console\Shell->runCommand(Array, true, Array)
#11 /opt/lampp/htdocs/cakephp3/vendor/cakephp/cakephp/src/Console/ShellDispatcher.php(181): Cake\Console\ShellDispatcher->_dispatch(Array)
#12 /opt/lampp/htdocs/cakephp3/vendor/cakephp/cakephp/src/Console/ShellDispatcher.php(127): Cake\Console\ShellDispatcher->dispatch(Array)
#13 /opt/lampp/htdocs/cakephp3/bin/cake.php(33): Cake\Console\ShellDispatcher::run(Array)
#14 {main}


2016-06-02 13:20:28 Error: [Cake\Database\Exception\MissingExtensionException] Database driver Cake\Database\Driver\Mysql cannot be used due to a missing PHP extension or unmet dependency
Exception Attributes: array (
  'driver' => 'Cake\\Database\\Driver\\Mysql',
)
Stack Trace:
#0 /opt/lampp/htdocs/cakephp3/vendor/cakephp/cakephp/src/Database/Connection.php(108): Cake\Database\Connection->driver('Cake\Database\D...', Array)
#1 /opt/lampp/htdocs/cakephp3/vendor/cakephp/cakephp/src/Datasource/ConnectionRegistry.php(87): Cake\Database\Connection->__construct(Array)
#2 /opt/lampp/htdocs/cakephp3/vendor/cakephp/cakephp/src/Core/ObjectRegistry.php(93): Cake\Datasource\ConnectionRegistry->_create('Cake\Database\C...', 'default', Array)
#3 /opt/lampp/htdocs/cakephp3/vendor/cakephp/cakephp/src/Datasource/ConnectionManager.php(202): Cake\Core\ObjectRegistry->load('default', Array)
#4 /opt/lampp/htdocs/cakephp3/vendor/cakephp/bake/src/Shell/Task/ModelTask.php(181): Cake\Datasource\ConnectionManager::get('default')
#5 /opt/lampp/htdocs/cakephp3/vendor/cakephp/bake/src/Shell/Task/ModelTask.php(108): Bake\Shell\Task\ModelTask->getTableObject('Permissions', 'permissions')
#6 /opt/lampp/htdocs/cakephp3/vendor/cakephp/bake/src/Shell/Task/ModelTask.php(96): Bake\Shell\Task\ModelTask->bake('Permissions')
#7 /opt/lampp/htdocs/cakephp3/vendor/cakephp/bake/src/Shell/BakeShell.php(250): Bake\Shell\Task\ModelTask->main('Permissions')
#8 /opt/lampp/htdocs/cakephp3/vendor/cakephp/cakephp/src/Collection/CollectionTrait.php(51): Bake\Shell\BakeShell->Bake\Shell\{closure}('permissions', 0)
#9 /opt/lampp/htdocs/cakephp3/vendor/cakephp/bake/src/Shell/BakeShell.php(253): Cake\Collection\Collection->each(Object(Closure))
#10 [internal function]: Bake\Shell\BakeShell->all('permissions')
#11 /opt/lampp/htdocs/cakephp3/vendor/cakephp/cakephp/src/Console/Shell.php(444): call_user_func_array(Array, Array)
#12 /opt/lampp/htdocs/cakephp3/vendor/cakephp/cakephp/src/Console/ShellDispatcher.php(217): Cake\Console\Shell->runCommand(Array, true, Array)
#13 /opt/lampp/htdocs/cakephp3/vendor/cakephp/cakephp/src/Console/ShellDispatcher.php(181): Cake\Console\ShellDispatcher->_dispatch(Array)
#14 /opt/lampp/htdocs/cakephp3/vendor/cakephp/cakephp/src/Console/ShellDispatcher.php(127): Cake\Console\ShellDispatcher->dispatch(Array)
#15 /opt/lampp/htdocs/cakephp3/bin/cake.php(33): Cake\Console\ShellDispatcher::run(Array)
#16 {main}


2016-06-02 13:23:28 Error: [Cake\Database\Exception\MissingExtensionException] Database driver Cake\Database\Driver\Mysql cannot be used due to a missing PHP extension or unmet dependency
Exception Attributes: array (
  'driver' => 'Cake\\Database\\Driver\\Mysql',
)
Stack Trace:
#0 /opt/lampp/htdocs/cakephp3/vendor/cakephp/cakephp/src/Database/Connection.php(108): Cake\Database\Connection->driver('Cake\Database\D...', Array)
#1 /opt/lampp/htdocs/cakephp3/vendor/cakephp/cakephp/src/Datasource/ConnectionRegistry.php(87): Cake\Database\Connection->__construct(Array)
#2 /opt/lampp/htdocs/cakephp3/vendor/cakephp/cakephp/src/Core/ObjectRegistry.php(93): Cake\Datasource\ConnectionRegistry->_create('Cake\Database\C...', 'default', Array)
#3 /opt/lampp/htdocs/cakephp3/vendor/cakephp/cakephp/src/Datasource/ConnectionManager.php(202): Cake\Core\ObjectRegistry->load('default', Array)
#4 /opt/lampp/htdocs/cakephp3/vendor/cakephp/cakephp/src/ORM/Locator/TableLocator.php(171): Cake\Datasource\ConnectionManager::get('default')
#5 /opt/lampp/htdocs/cakephp3/vendor/cakephp/cakephp/src/ORM/TableRegistry.php(111): Cake\ORM\Locator\TableLocator->get('Permissions', Array)
#6 /opt/lampp/htdocs/cakephp3/vendor/cakephp/bake/src/Shell/Task/ControllerTask.php(125): Cake\ORM\TableRegistry::get('Permissions', Array)
#7 /opt/lampp/htdocs/cakephp3/vendor/cakephp/bake/src/Shell/Task/ControllerTask.php(65): Bake\Shell\Task\ControllerTask->bake('Permissions')
#8 [internal function]: Bake\Shell\Task\ControllerTask->main('permissions')
#9 /opt/lampp/htdocs/cakephp3/vendor/cakephp/cakephp/src/Console/Shell.php(456): call_user_func_array(Array, Array)
#10 /opt/lampp/htdocs/cakephp3/vendor/cakephp/cakephp/src/Console/Shell.php(450): Cake\Console\Shell->runCommand(Array, false)
#11 /opt/lampp/htdocs/cakephp3/vendor/cakephp/cakephp/src/Console/ShellDispatcher.php(217): Cake\Console\Shell->runCommand(Array, true, Array)
#12 /opt/lampp/htdocs/cakephp3/vendor/cakephp/cakephp/src/Console/ShellDispatcher.php(181): Cake\Console\ShellDispatcher->_dispatch(Array)
#13 /opt/lampp/htdocs/cakephp3/vendor/cakephp/cakephp/src/Console/ShellDispatcher.php(127): Cake\Console\ShellDispatcher->dispatch(Array)
#14 /opt/lampp/htdocs/cakephp3/bin/cake.php(33): Cake\Console\ShellDispatcher::run(Array)
#15 {main}


2016-06-02 13:24:32 Error: [Cake\Database\Exception\MissingExtensionException] Database driver Cake\Database\Driver\Mysql cannot be used due to a missing PHP extension or unmet dependency
Exception Attributes: array (
  'driver' => 'Cake\\Database\\Driver\\Mysql',
)
Stack Trace:
#0 /opt/lampp/htdocs/cakephp3/vendor/cakephp/cakephp/src/Database/Connection.php(108): Cake\Database\Connection->driver('Cake\Database\D...', Array)
#1 /opt/lampp/htdocs/cakephp3/vendor/cakephp/cakephp/src/Datasource/ConnectionRegistry.php(87): Cake\Database\Connection->__construct(Array)
#2 /opt/lampp/htdocs/cakephp3/vendor/cakephp/cakephp/src/Core/ObjectRegistry.php(93): Cake\Datasource\ConnectionRegistry->_create('Cake\Database\C...', 'default', Array)
#3 /opt/lampp/htdocs/cakephp3/vendor/cakephp/cakephp/src/Datasource/ConnectionManager.php(202): Cake\Core\ObjectRegistry->load('default', Array)
#4 /opt/lampp/htdocs/cakephp3/vendor/cakephp/bake/src/Shell/Task/ModelTask.php(181): Cake\Datasource\ConnectionManager::get('default')
#5 /opt/lampp/htdocs/cakephp3/vendor/cakephp/bake/src/Shell/Task/ModelTask.php(108): Bake\Shell\Task\ModelTask->getTableObject('Permissions', 'permissions')
#6 /opt/lampp/htdocs/cakephp3/vendor/cakephp/bake/src/Shell/Task/ModelTask.php(96): Bake\Shell\Task\ModelTask->bake('Permissions')
#7 /opt/lampp/htdocs/cakephp3/vendor/cakephp/bake/src/Shell/BakeShell.php(250): Bake\Shell\Task\ModelTask->main('Permissions')
#8 /opt/lampp/htdocs/cakephp3/vendor/cakephp/cakephp/src/Collection/CollectionTrait.php(51): Bake\Shell\BakeShell->Bake\Shell\{closure}('permissions', 0)
#9 /opt/lampp/htdocs/cakephp3/vendor/cakephp/bake/src/Shell/BakeShell.php(253): Cake\Collection\Collection->each(Object(Closure))
#10 [internal function]: Bake\Shell\BakeShell->all('permissions')
#11 /opt/lampp/htdocs/cakephp3/vendor/cakephp/cakephp/src/Console/Shell.php(444): call_user_func_array(Array, Array)
#12 /opt/lampp/htdocs/cakephp3/vendor/cakephp/cakephp/src/Console/ShellDispatcher.php(217): Cake\Console\Shell->runCommand(Array, true, Array)
#13 /opt/lampp/htdocs/cakephp3/vendor/cakephp/cakephp/src/Console/ShellDispatcher.php(181): Cake\Console\ShellDispatcher->_dispatch(Array)
#14 /opt/lampp/htdocs/cakephp3/vendor/cakephp/cakephp/src/Console/ShellDispatcher.php(127): Cake\Console\ShellDispatcher->dispatch(Array)
#15 /opt/lampp/htdocs/cakephp3/bin/cake.php(33): Cake\Console\ShellDispatcher::run(Array)
#16 {main}


2016-06-02 13:34:31 Error: [Cake\Database\Exception\MissingExtensionException] Database driver Cake\Database\Driver\Mysql cannot be used due to a missing PHP extension or unmet dependency
Exception Attributes: array (
  'driver' => 'Cake\\Database\\Driver\\Mysql',
)
Stack Trace:
#0 /opt/lampp/htdocs/cakephp3/vendor/cakephp/cakephp/src/Database/Connection.php(108): Cake\Database\Connection->driver('Cake\Database\D...', Array)
#1 /opt/lampp/htdocs/cakephp3/vendor/cakephp/cakephp/src/Datasource/ConnectionRegistry.php(87): Cake\Database\Connection->__construct(Array)
#2 /opt/lampp/htdocs/cakephp3/vendor/cakephp/cakephp/src/Core/ObjectRegistry.php(93): Cake\Datasource\ConnectionRegistry->_create('Cake\Database\C...', 'default', Array)
#3 /opt/lampp/htdocs/cakephp3/vendor/cakephp/cakephp/src/Datasource/ConnectionManager.php(202): Cake\Core\ObjectRegistry->load('default', Array)
#4 /opt/lampp/htdocs/cakephp3/vendor/cakephp/bake/src/Shell/Task/ModelTask.php(181): Cake\Datasource\ConnectionManager::get('default')
#5 /opt/lampp/htdocs/cakephp3/vendor/cakephp/bake/src/Shell/Task/ModelTask.php(108): Bake\Shell\Task\ModelTask->getTableObject('Permissions', 'permissions')
#6 /opt/lampp/htdocs/cakephp3/vendor/cakephp/bake/src/Shell/Task/ModelTask.php(96): Bake\Shell\Task\ModelTask->bake('Permissions')
#7 /opt/lampp/htdocs/cakephp3/vendor/cakephp/bake/src/Shell/BakeShell.php(250): Bake\Shell\Task\ModelTask->main('Permissions')
#8 /opt/lampp/htdocs/cakephp3/vendor/cakephp/cakephp/src/Collection/CollectionTrait.php(51): Bake\Shell\BakeShell->Bake\Shell\{closure}('permissions', 0)
#9 /opt/lampp/htdocs/cakephp3/vendor/cakephp/bake/src/Shell/BakeShell.php(253): Cake\Collection\Collection->each(Object(Closure))
#10 [internal function]: Bake\Shell\BakeShell->all('permissions')
#11 /opt/lampp/htdocs/cakephp3/vendor/cakephp/cakephp/src/Console/Shell.php(444): call_user_func_array(Array, Array)
#12 /opt/lampp/htdocs/cakephp3/vendor/cakephp/cakephp/src/Console/ShellDispatcher.php(217): Cake\Console\Shell->runCommand(Array, true, Array)
#13 /opt/lampp/htdocs/cakephp3/vendor/cakephp/cakephp/src/Console/ShellDispatcher.php(181): Cake\Console\ShellDispatcher->_dispatch(Array)
#14 /opt/lampp/htdocs/cakephp3/vendor/cakephp/cakephp/src/Console/ShellDispatcher.php(127): Cake\Console\ShellDispatcher->dispatch(Array)
#15 /opt/lampp/htdocs/cakephp3/bin/cake.php(33): Cake\Console\ShellDispatcher::run(Array)
#16 {main}


2016-06-02 13:35:35 Error: [Cake\Database\Exception\MissingExtensionException] Database driver Cake\Database\Driver\Mysql cannot be used due to a missing PHP extension or unmet dependency
Exception Attributes: array (
  'driver' => 'Cake\\Database\\Driver\\Mysql',
)
Stack Trace:
#0 /opt/lampp/htdocs/cakephp3/vendor/cakephp/cakephp/src/Database/Connection.php(108): Cake\Database\Connection->driver('Cake\Database\D...', Array)
#1 /opt/lampp/htdocs/cakephp3/vendor/cakephp/cakephp/src/Datasource/ConnectionRegistry.php(87): Cake\Database\Connection->__construct(Array)
#2 /opt/lampp/htdocs/cakephp3/vendor/cakephp/cakephp/src/Core/ObjectRegistry.php(93): Cake\Datasource\ConnectionRegistry->_create('Cake\Database\C...', 'default', Array)
#3 /opt/lampp/htdocs/cakephp3/vendor/cakephp/cakephp/src/Datasource/ConnectionManager.php(202): Cake\Core\ObjectRegistry->load('default', Array)
#4 /opt/lampp/htdocs/cakephp3/vendor/cakephp/bake/src/Shell/Task/ModelTask.php(181): Cake\Datasource\ConnectionManager::get('default')
#5 /opt/lampp/htdocs/cakephp3/vendor/cakephp/bake/src/Shell/Task/ModelTask.php(108): Bake\Shell\Task\ModelTask->getTableObject('Products', 'products')
#6 /opt/lampp/htdocs/cakephp3/vendor/cakephp/bake/src/Shell/Task/ModelTask.php(96): Bake\Shell\Task\ModelTask->bake('Products')
#7 /opt/lampp/htdocs/cakephp3/vendor/cakephp/bake/src/Shell/BakeShell.php(250): Bake\Shell\Task\ModelTask->main('Products')
#8 /opt/lampp/htdocs/cakephp3/vendor/cakephp/cakephp/src/Collection/CollectionTrait.php(51): Bake\Shell\BakeShell->Bake\Shell\{closure}('products', 0)
#9 /opt/lampp/htdocs/cakephp3/vendor/cakephp/bake/src/Shell/BakeShell.php(253): Cake\Collection\Collection->each(Object(Closure))
#10 [internal function]: Bake\Shell\BakeShell->all('products')
#11 /opt/lampp/htdocs/cakephp3/vendor/cakephp/cakephp/src/Console/Shell.php(444): call_user_func_array(Array, Array)
#12 /opt/lampp/htdocs/cakephp3/vendor/cakephp/cakephp/src/Console/ShellDispatcher.php(217): Cake\Console\Shell->runCommand(Array, true, Array)
#13 /opt/lampp/htdocs/cakephp3/vendor/cakephp/cakephp/src/Console/ShellDispatcher.php(181): Cake\Console\ShellDispatcher->_dispatch(Array)
#14 /opt/lampp/htdocs/cakephp3/vendor/cakephp/cakephp/src/Console/ShellDispatcher.php(127): Cake\Console\ShellDispatcher->dispatch(Array)
#15 /opt/lampp/htdocs/cakephp3/bin/cake.php(33): Cake\Console\ShellDispatcher::run(Array)
#16 {main}


2016-06-02 13:40:13 Error: [PDOException] SQLSTATE[HY000] [2002] Can't connect to local MySQL server through socket '/var/run/mysqld/mysqld.sock' (2)
Stack Trace:
#0 /opt/lampp/htdocs/cakephp3/vendor/cakephp/cakephp/src/Database/Driver/PDODriverTrait.php(48): PDO->__construct('mysql:host=loca...', 'root', '', Array)
#1 /opt/lampp/htdocs/cakephp3/vendor/cakephp/cakephp/src/Database/Driver/Mysql.php(90): Cake\Database\Driver\Mysql->_connect('mysql:host=loca...', Array)
#2 /opt/lampp/htdocs/cakephp3/vendor/cakephp/cakephp/src/Database/Schema/BaseSchema.php(45): Cake\Database\Driver\Mysql->connect()
#3 /opt/lampp/htdocs/cakephp3/vendor/cakephp/cakephp/src/Database/Dialect/MysqlDialectTrait.php(63): Cake\Database\Schema\BaseSchema->__construct(Object(Cake\Database\Driver\Mysql))
#4 /opt/lampp/htdocs/cakephp3/vendor/cakephp/cakephp/src/Database/Schema/Collection.php(52): Cake\Database\Driver\Mysql->schemaDialect()
#5 /opt/lampp/htdocs/cakephp3/vendor/cakephp/cakephp/src/Database/Schema/CachedCollection.php(43): Cake\Database\Schema\Collection->__construct(Object(Cake\Database\Connection))
#6 /opt/lampp/htdocs/cakephp3/vendor/cakephp/cakephp/src/Database/Connection.php(317): Cake\Database\Schema\CachedCollection->__construct(Object(Cake\Database\Connection), true)
#7 /opt/lampp/htdocs/cakephp3/vendor/cakephp/bake/src/Shell/Task/ModelTask.php(920): Cake\Database\Connection->schemaCollection()
#8 /opt/lampp/htdocs/cakephp3/vendor/cakephp/bake/src/Shell/Task/ModelTask.php(875): Bake\Shell\Task\ModelTask->_getAllTables()
#9 /opt/lampp/htdocs/cakephp3/vendor/cakephp/bake/src/Shell/Task/ModelTask.php(198): Bake\Shell\Task\ModelTask->listAll()
#10 /opt/lampp/htdocs/cakephp3/vendor/cakephp/bake/src/Shell/Task/ModelTask.php(124): Bake\Shell\Task\ModelTask->getAssociations(Object(Cake\ORM\Table))
#11 /opt/lampp/htdocs/cakephp3/vendor/cakephp/bake/src/Shell/Task/ModelTask.php(109): Bake\Shell\Task\ModelTask->getTableContext(Object(Cake\ORM\Table), 'products', 'Products')
#12 /opt/lampp/htdocs/cakephp3/vendor/cakephp/bake/src/Shell/Task/ModelTask.php(96): Bake\Shell\Task\ModelTask->bake('Products')
#13 /opt/lampp/htdocs/cakephp3/vendor/cakephp/bake/src/Shell/BakeShell.php(250): Bake\Shell\Task\ModelTask->main('Products')
#14 /opt/lampp/htdocs/cakephp3/vendor/cakephp/cakephp/src/Collection/CollectionTrait.php(51): Bake\Shell\BakeShell->Bake\Shell\{closure}('products', 0)
#15 /opt/lampp/htdocs/cakephp3/vendor/cakephp/bake/src/Shell/BakeShell.php(253): Cake\Collection\Collection->each(Object(Closure))
#16 [internal function]: Bake\Shell\BakeShell->all('products')
#17 /opt/lampp/htdocs/cakephp3/vendor/cakephp/cakephp/src/Console/Shell.php(444): call_user_func_array(Array, Array)
#18 /opt/lampp/htdocs/cakephp3/vendor/cakephp/cakephp/src/Console/ShellDispatcher.php(217): Cake\Console\Shell->runCommand(Array, true, Array)
#19 /opt/lampp/htdocs/cakephp3/vendor/cakephp/cakephp/src/Console/ShellDispatcher.php(181): Cake\Console\ShellDispatcher->_dispatch(Array)
#20 /opt/lampp/htdocs/cakephp3/vendor/cakephp/cakephp/src/Console/ShellDispatcher.php(127): Cake\Console\ShellDispatcher->dispatch(Array)
#21 /opt/lampp/htdocs/cakephp3/bin/cake.php(33): Cake\Console\ShellDispatcher::run(Array)
#22 {main}


2016-06-02 13:41:54 Error: [PDOException] SQLSTATE[HY000] [2002] Can't connect to local MySQL server through socket '/var/run/mysqld/mysqld.sock' (2)
Stack Trace:
#0 /opt/lampp/htdocs/cakephp3/vendor/cakephp/cakephp/src/Database/Driver/PDODriverTrait.php(48): PDO->__construct('mysql:host=loca...', 'root', '', Array)
#1 /opt/lampp/htdocs/cakephp3/vendor/cakephp/cakephp/src/Database/Driver/Mysql.php(90): Cake\Database\Driver\Mysql->_connect('mysql:host=loca...', Array)
#2 /opt/lampp/htdocs/cakephp3/vendor/cakephp/cakephp/src/Database/Schema/BaseSchema.php(45): Cake\Database\Driver\Mysql->connect()
#3 /opt/lampp/htdocs/cakephp3/vendor/cakephp/cakephp/src/Database/Dialect/MysqlDialectTrait.php(63): Cake\Database\Schema\BaseSchema->__construct(Object(Cake\Database\Driver\Mysql))
#4 /opt/lampp/htdocs/cakephp3/vendor/cakephp/cakephp/src/Database/Schema/Collection.php(52): Cake\Database\Driver\Mysql->schemaDialect()
#5 /opt/lampp/htdocs/cakephp3/vendor/cakephp/cakephp/src/Database/Schema/CachedCollection.php(43): Cake\Database\Schema\Collection->__construct(Object(Cake\Database\Connection))
#6 /opt/lampp/htdocs/cakephp3/vendor/cakephp/cakephp/src/Database/Connection.php(317): Cake\Database\Schema\CachedCollection->__construct(Object(Cake\Database\Connection), true)
#7 /opt/lampp/htdocs/cakephp3/vendor/cakephp/bake/src/Shell/Task/ModelTask.php(920): Cake\Database\Connection->schemaCollection()
#8 /opt/lampp/htdocs/cakephp3/vendor/cakephp/bake/src/Shell/Task/ModelTask.php(875): Bake\Shell\Task\ModelTask->_getAllTables()
#9 /opt/lampp/htdocs/cakephp3/vendor/cakephp/bake/src/Shell/Task/ModelTask.php(889): Bake\Shell\Task\ModelTask->listAll()
#10 /opt/lampp/htdocs/cakephp3/vendor/cakephp/bake/src/Shell/BakeShell.php(228): Bake\Shell\Task\ModelTask->listUnskipped()
#11 [internal function]: Bake\Shell\BakeShell->all()
#12 /opt/lampp/htdocs/cakephp3/vendor/cakephp/cakephp/src/Console/Shell.php(444): call_user_func_array(Array, Array)
#13 /opt/lampp/htdocs/cakephp3/vendor/cakephp/cakephp/src/Console/ShellDispatcher.php(217): Cake\Console\Shell->runCommand(Array, true, Array)
#14 /opt/lampp/htdocs/cakephp3/vendor/cakephp/cakephp/src/Console/ShellDispatcher.php(181): Cake\Console\ShellDispatcher->_dispatch(Array)
#15 /opt/lampp/htdocs/cakephp3/vendor/cakephp/cakephp/src/Console/ShellDispatcher.php(127): Cake\Console\ShellDispatcher->dispatch(Array)
#16 /opt/lampp/htdocs/cakephp3/bin/cake.php(33): Cake\Console\ShellDispatcher::run(Array)
#17 {main}


2016-06-02 13:42:10 Error: [PDOException] SQLSTATE[HY000] [2002] Can't connect to local MySQL server through socket '/var/run/mysqld/mysqld.sock' (2)
Stack Trace:
#0 /opt/lampp/htdocs/cakephp3/vendor/cakephp/cakephp/src/Database/Driver/PDODriverTrait.php(48): PDO->__construct('mysql:host=loca...', 'root', '', Array)
#1 /opt/lampp/htdocs/cakephp3/vendor/cakephp/cakephp/src/Database/Driver/Mysql.php(90): Cake\Database\Driver\Mysql->_connect('mysql:host=loca...', Array)
#2 /opt/lampp/htdocs/cakephp3/vendor/cakephp/cakephp/src/Database/Schema/BaseSchema.php(45): Cake\Database\Driver\Mysql->connect()
#3 /opt/lampp/htdocs/cakephp3/vendor/cakephp/cakephp/src/Database/Dialect/MysqlDialectTrait.php(63): Cake\Database\Schema\BaseSchema->__construct(Object(Cake\Database\Driver\Mysql))
#4 /opt/lampp/htdocs/cakephp3/vendor/cakephp/cakephp/src/Database/Schema/Collection.php(52): Cake\Database\Driver\Mysql->schemaDialect()
#5 /opt/lampp/htdocs/cakephp3/vendor/cakephp/cakephp/src/Database/Schema/CachedCollection.php(43): Cake\Database\Schema\Collection->__construct(Object(Cake\Database\Connection))
#6 /opt/lampp/htdocs/cakephp3/vendor/cakephp/cakephp/src/Database/Connection.php(317): Cake\Database\Schema\CachedCollection->__construct(Object(Cake\Database\Connection), true)
#7 /opt/lampp/htdocs/cakephp3/vendor/cakephp/bake/src/Shell/Task/ModelTask.php(920): Cake\Database\Connection->schemaCollection()
#8 /opt/lampp/htdocs/cakephp3/vendor/cakephp/bake/src/Shell/Task/ModelTask.php(875): Bake\Shell\Task\ModelTask->_getAllTables()
#9 /opt/lampp/htdocs/cakephp3/vendor/cakephp/bake/src/Shell/Task/ModelTask.php(889): Bake\Shell\Task\ModelTask->listAll()
#10 /opt/lampp/htdocs/cakephp3/vendor/cakephp/bake/src/Shell/BakeShell.php(228): Bake\Shell\Task\ModelTask->listUnskipped()
#11 [internal function]: Bake\Shell\BakeShell->all()
#12 /opt/lampp/htdocs/cakephp3/vendor/cakephp/cakephp/src/Console/Shell.php(444): call_user_func_array(Array, Array)
#13 /opt/lampp/htdocs/cakephp3/vendor/cakephp/cakephp/src/Console/ShellDispatcher.php(217): Cake\Console\Shell->runCommand(Array, true, Array)
#14 /opt/lampp/htdocs/cakephp3/vendor/cakephp/cakephp/src/Console/ShellDispatcher.php(181): Cake\Console\ShellDispatcher->_dispatch(Array)
#15 /opt/lampp/htdocs/cakephp3/vendor/cakephp/cakephp/src/Console/ShellDispatcher.php(127): Cake\Console\ShellDispatcher->dispatch(Array)
#16 /opt/lampp/htdocs/cakephp3/bin/cake.php(33): Cake\Console\ShellDispatcher::run(Array)
#17 {main}


2016-06-02 13:42:52 Error: [PDOException] SQLSTATE[HY000] [2002] Can't connect to local MySQL server through socket '/var/run/mysqld/mysqld.sock' (2)
Stack Trace:
#0 /opt/lampp/htdocs/cakephp3/vendor/cakephp/cakephp/src/Database/Driver/PDODriverTrait.php(48): PDO->__construct('mysql:host=loca...', 'root', '', Array)
#1 /opt/lampp/htdocs/cakephp3/vendor/cakephp/cakephp/src/Database/Driver/Mysql.php(90): Cake\Database\Driver\Mysql->_connect('mysql:host=loca...', Array)
#2 /opt/lampp/htdocs/cakephp3/vendor/cakephp/cakephp/src/Database/Schema/BaseSchema.php(45): Cake\Database\Driver\Mysql->connect()
#3 /opt/lampp/htdocs/cakephp3/vendor/cakephp/cakephp/src/Database/Dialect/MysqlDialectTrait.php(63): Cake\Database\Schema\BaseSchema->__construct(Object(Cake\Database\Driver\Mysql))
#4 /opt/lampp/htdocs/cakephp3/vendor/cakephp/cakephp/src/Database/Schema/Collection.php(52): Cake\Database\Driver\Mysql->schemaDialect()
#5 /opt/lampp/htdocs/cakephp3/vendor/cakephp/cakephp/src/Database/Schema/CachedCollection.php(43): Cake\Database\Schema\Collection->__construct(Object(Cake\Database\Connection))
#6 /opt/lampp/htdocs/cakephp3/vendor/cakephp/cakephp/src/Database/Connection.php(317): Cake\Database\Schema\CachedCollection->__construct(Object(Cake\Database\Connection), true)
#7 /opt/lampp/htdocs/cakephp3/vendor/cakephp/bake/src/Shell/Task/ModelTask.php(920): Cake\Database\Connection->schemaCollection()
#8 /opt/lampp/htdocs/cakephp3/vendor/cakephp/bake/src/Shell/Task/ModelTask.php(875): Bake\Shell\Task\ModelTask->_getAllTables()
#9 /opt/lampp/htdocs/cakephp3/vendor/cakephp/bake/src/Shell/Task/ModelTask.php(198): Bake\Shell\Task\ModelTask->listAll()
#10 /opt/lampp/htdocs/cakephp3/vendor/cakephp/bake/src/Shell/Task/ModelTask.php(124): Bake\Shell\Task\ModelTask->getAssociations(Object(Cake\ORM\Table))
#11 /opt/lampp/htdocs/cakephp3/vendor/cakephp/bake/src/Shell/Task/ModelTask.php(109): Bake\Shell\Task\ModelTask->getTableContext(Object(Cake\ORM\Table), 'products', 'Products')
#12 /opt/lampp/htdocs/cakephp3/vendor/cakephp/bake/src/Shell/Task/ModelTask.php(96): Bake\Shell\Task\ModelTask->bake('Products')
#13 /opt/lampp/htdocs/cakephp3/vendor/cakephp/bake/src/Shell/BakeShell.php(250): Bake\Shell\Task\ModelTask->main('Products')
#14 /opt/lampp/htdocs/cakephp3/vendor/cakephp/cakephp/src/Collection/CollectionTrait.php(51): Bake\Shell\BakeShell->Bake\Shell\{closure}('products', 0)
#15 /opt/lampp/htdocs/cakephp3/vendor/cakephp/bake/src/Shell/BakeShell.php(253): Cake\Collection\Collection->each(Object(Closure))
#16 [internal function]: Bake\Shell\BakeShell->all('products')
#17 /opt/lampp/htdocs/cakephp3/vendor/cakephp/cakephp/src/Console/Shell.php(444): call_user_func_array(Array, Array)
#18 /opt/lampp/htdocs/cakephp3/vendor/cakephp/cakephp/src/Console/ShellDispatcher.php(217): Cake\Console\Shell->runCommand(Array, true, Array)
#19 /opt/lampp/htdocs/cakephp3/vendor/cakephp/cakephp/src/Console/ShellDispatcher.php(181): Cake\Console\ShellDispatcher->_dispatch(Array)
#20 /opt/lampp/htdocs/cakephp3/vendor/cakephp/cakephp/src/Console/ShellDispatcher.php(127): Cake\Console\ShellDispatcher->dispatch(Array)
#21 /opt/lampp/htdocs/cakephp3/bin/cake.php(33): Cake\Console\ShellDispatcher::run(Array)
#22 {main}


2016-06-02 13:47:38 Error: [PDOException] SQLSTATE[HY000] [2002] Can't connect to local MySQL server through socket '/var/run/mysqld/mysqld.sock' (2)
Stack Trace:
#0 /opt/lampp/htdocs/cakephp3/vendor/cakephp/cakephp/src/Database/Driver/PDODriverTrait.php(48): PDO->__construct('mysql:host=loca...', 'root', '', Array)
#1 /opt/lampp/htdocs/cakephp3/vendor/cakephp/cakephp/src/Database/Driver/Mysql.php(90): Cake\Database\Driver\Mysql->_connect('mysql:host=loca...', Array)
#2 /opt/lampp/htdocs/cakephp3/vendor/cakephp/cakephp/src/Database/Schema/BaseSchema.php(45): Cake\Database\Driver\Mysql->connect()
#3 /opt/lampp/htdocs/cakephp3/vendor/cakephp/cakephp/src/Database/Dialect/MysqlDialectTrait.php(63): Cake\Database\Schema\BaseSchema->__construct(Object(Cake\Database\Driver\Mysql))
#4 /opt/lampp/htdocs/cakephp3/vendor/cakephp/cakephp/src/Database/Schema/Collection.php(52): Cake\Database\Driver\Mysql->schemaDialect()
#5 /opt/lampp/htdocs/cakephp3/vendor/cakephp/cakephp/src/Database/Schema/CachedCollection.php(43): Cake\Database\Schema\Collection->__construct(Object(Cake\Database\Connection))
#6 /opt/lampp/htdocs/cakephp3/vendor/cakephp/cakephp/src/Database/Connection.php(317): Cake\Database\Schema\CachedCollection->__construct(Object(Cake\Database\Connection), true)
#7 /opt/lampp/htdocs/cakephp3/vendor/cakephp/bake/src/Shell/Task/ModelTask.php(920): Cake\Database\Connection->schemaCollection()
#8 /opt/lampp/htdocs/cakephp3/vendor/cakephp/bake/src/Shell/Task/ModelTask.php(875): Bake\Shell\Task\ModelTask->_getAllTables()
#9 /opt/lampp/htdocs/cakephp3/vendor/cakephp/bake/src/Shell/Task/ModelTask.php(889): Bake\Shell\Task\ModelTask->listAll()
#10 /opt/lampp/htdocs/cakephp3/vendor/cakephp/bake/src/Shell/BakeShell.php(228): Bake\Shell\Task\ModelTask->listUnskipped()
#11 [internal function]: Bake\Shell\BakeShell->all()
#12 /opt/lampp/htdocs/cakephp3/vendor/cakephp/cakephp/src/Console/Shell.php(444): call_user_func_array(Array, Array)
#13 /opt/lampp/htdocs/cakephp3/vendor/cakephp/cakephp/src/Console/ShellDispatcher.php(217): Cake\Console\Shell->runCommand(Array, true, Array)
#14 /opt/lampp/htdocs/cakephp3/vendor/cakephp/cakephp/src/Console/ShellDispatcher.php(181): Cake\Console\ShellDispatcher->_dispatch(Array)
#15 /opt/lampp/htdocs/cakephp3/vendor/cakephp/cakephp/src/Console/ShellDispatcher.php(127): Cake\Console\ShellDispatcher->dispatch(Array)
#16 /opt/lampp/htdocs/cakephp3/bin/cake.php(33): Cake\Console\ShellDispatcher::run(Array)
#17 {main}


2016-06-03 05:36:20 Error: [PDOException] SQLSTATE[HY000] [2002] Can't connect to local MySQL server through socket '/var/run/mysqld/mysqld.sock' (2)
Stack Trace:
#0 /opt/lampp/htdocs/cakephp3/vendor/cakephp/cakephp/src/Database/Driver/PDODriverTrait.php(48): PDO->__construct('mysql:host=loca...', 'root', '', Array)
#1 /opt/lampp/htdocs/cakephp3/vendor/cakephp/cakephp/src/Database/Driver/Mysql.php(90): Cake\Database\Driver\Mysql->_connect('mysql:host=loca...', Array)
#2 /opt/lampp/htdocs/cakephp3/vendor/cakephp/cakephp/src/Database/Schema/BaseSchema.php(45): Cake\Database\Driver\Mysql->connect()
#3 /opt/lampp/htdocs/cakephp3/vendor/cakephp/cakephp/src/Database/Dialect/MysqlDialectTrait.php(63): Cake\Database\Schema\BaseSchema->__construct(Object(Cake\Database\Driver\Mysql))
#4 /opt/lampp/htdocs/cakephp3/vendor/cakephp/cakephp/src/Database/Schema/Collection.php(52): Cake\Database\Driver\Mysql->schemaDialect()
#5 /opt/lampp/htdocs/cakephp3/vendor/cakephp/cakephp/src/Database/Schema/CachedCollection.php(43): Cake\Database\Schema\Collection->__construct(Object(Cake\Database\Connection))
#6 /opt/lampp/htdocs/cakephp3/vendor/cakephp/cakephp/src/Database/Connection.php(317): Cake\Database\Schema\CachedCollection->__construct(Object(Cake\Database\Connection), true)
#7 /opt/lampp/htdocs/cakephp3/vendor/cakephp/bake/src/Shell/Task/ModelTask.php(920): Cake\Database\Connection->schemaCollection()
#8 /opt/lampp/htdocs/cakephp3/vendor/cakephp/bake/src/Shell/Task/ModelTask.php(875): Bake\Shell\Task\ModelTask->_getAllTables()
#9 /opt/lampp/htdocs/cakephp3/vendor/cakephp/bake/src/Shell/Task/ModelTask.php(889): Bake\Shell\Task\ModelTask->listAll()
#10 /opt/lampp/htdocs/cakephp3/vendor/cakephp/bake/src/Shell/BakeShell.php(228): Bake\Shell\Task\ModelTask->listUnskipped()
#11 [internal function]: Bake\Shell\BakeShell->all()
#12 /opt/lampp/htdocs/cakephp3/vendor/cakephp/cakephp/src/Console/Shell.php(444): call_user_func_array(Array, Array)
#13 /opt/lampp/htdocs/cakephp3/vendor/cakephp/cakephp/src/Console/ShellDispatcher.php(217): Cake\Console\Shell->runCommand(Array, true, Array)
#14 /opt/lampp/htdocs/cakephp3/vendor/cakephp/cakephp/src/Console/ShellDispatcher.php(181): Cake\Console\ShellDispatcher->_dispatch(Array)
#15 /opt/lampp/htdocs/cakephp3/vendor/cakephp/cakephp/src/Console/ShellDispatcher.php(127): Cake\Console\ShellDispatcher->dispatch(Array)
#16 /opt/lampp/htdocs/cakephp3/bin/cake.php(33): Cake\Console\ShellDispatcher::run(Array)
#17 {main}


2016-06-03 05:37:25 Error: [PDOException] SQLSTATE[HY000] [2002] Can't connect to local MySQL server through socket '/var/run/mysqld/mysqld.sock' (2)
Stack Trace:
#0 /opt/lampp/htdocs/cakephp3/vendor/cakephp/cakephp/src/Database/Driver/PDODriverTrait.php(48): PDO->__construct('mysql:host=loca...', 'root', '', Array)
#1 /opt/lampp/htdocs/cakephp3/vendor/cakephp/cakephp/src/Database/Driver/Mysql.php(90): Cake\Database\Driver\Mysql->_connect('mysql:host=loca...', Array)
#2 /opt/lampp/htdocs/cakephp3/vendor/cakephp/cakephp/src/Database/Schema/BaseSchema.php(45): Cake\Database\Driver\Mysql->connect()
#3 /opt/lampp/htdocs/cakephp3/vendor/cakephp/cakephp/src/Database/Dialect/MysqlDialectTrait.php(63): Cake\Database\Schema\BaseSchema->__construct(Object(Cake\Database\Driver\Mysql))
#4 /opt/lampp/htdocs/cakephp3/vendor/cakephp/cakephp/src/Database/Schema/Collection.php(52): Cake\Database\Driver\Mysql->schemaDialect()
#5 /opt/lampp/htdocs/cakephp3/vendor/cakephp/cakephp/src/Database/Schema/CachedCollection.php(43): Cake\Database\Schema\Collection->__construct(Object(Cake\Database\Connection))
#6 /opt/lampp/htdocs/cakephp3/vendor/cakephp/cakephp/src/Database/Connection.php(317): Cake\Database\Schema\CachedCollection->__construct(Object(Cake\Database\Connection), true)
#7 /opt/lampp/htdocs/cakephp3/vendor/cakephp/bake/src/Shell/Task/ModelTask.php(920): Cake\Database\Connection->schemaCollection()
#8 /opt/lampp/htdocs/cakephp3/vendor/cakephp/bake/src/Shell/Task/ModelTask.php(875): Bake\Shell\Task\ModelTask->_getAllTables()
#9 /opt/lampp/htdocs/cakephp3/vendor/cakephp/bake/src/Shell/Task/ModelTask.php(198): Bake\Shell\Task\ModelTask->listAll()
#10 /opt/lampp/htdocs/cakephp3/vendor/cakephp/bake/src/Shell/Task/ModelTask.php(124): Bake\Shell\Task\ModelTask->getAssociations(Object(Cake\ORM\Table))
#11 /opt/lampp/htdocs/cakephp3/vendor/cakephp/bake/src/Shell/Task/ModelTask.php(109): Bake\Shell\Task\ModelTask->getTableContext(Object(Cake\ORM\Table), 'products', 'Products')
#12 /opt/lampp/htdocs/cakephp3/vendor/cakephp/bake/src/Shell/Task/ModelTask.php(96): Bake\Shell\Task\ModelTask->bake('Products')
#13 /opt/lampp/htdocs/cakephp3/vendor/cakephp/bake/src/Shell/BakeShell.php(250): Bake\Shell\Task\ModelTask->main('Products')
#14 /opt/lampp/htdocs/cakephp3/vendor/cakephp/cakephp/src/Collection/CollectionTrait.php(51): Bake\Shell\BakeShell->Bake\Shell\{closure}('products', 0)
#15 /opt/lampp/htdocs/cakephp3/vendor/cakephp/bake/src/Shell/BakeShell.php(253): Cake\Collection\Collection->each(Object(Closure))
#16 [internal function]: Bake\Shell\BakeShell->all('products')
#17 /opt/lampp/htdocs/cakephp3/vendor/cakephp/cakephp/src/Console/Shell.php(444): call_user_func_array(Array, Array)
#18 /opt/lampp/htdocs/cakephp3/vendor/cakephp/cakephp/src/Console/ShellDispatcher.php(217): Cake\Console\Shell->runCommand(Array, true, Array)
#19 /opt/lampp/htdocs/cakephp3/vendor/cakephp/cakephp/src/Console/ShellDispatcher.php(181): Cake\Console\ShellDispatcher->_dispatch(Array)
#20 /opt/lampp/htdocs/cakephp3/vendor/cakephp/cakephp/src/Console/ShellDispatcher.php(127): Cake\Console\ShellDispatcher->dispatch(Array)
#21 /opt/lampp/htdocs/cakephp3/bin/cake.php(33): Cake\Console\ShellDispatcher::run(Array)
#22 {main}


2016-06-03 05:37:55 Error: [PDOException] SQLSTATE[HY000] [2002] Can't connect to local MySQL server through socket '/var/run/mysqld/mysqld.sock' (2)
Stack Trace:
#0 /opt/lampp/htdocs/cakephp3/vendor/cakephp/cakephp/src/Database/Driver/PDODriverTrait.php(48): PDO->__construct('mysql:host=loca...', 'root', '', Array)
#1 /opt/lampp/htdocs/cakephp3/vendor/cakephp/cakephp/src/Database/Driver/Mysql.php(90): Cake\Database\Driver\Mysql->_connect('mysql:host=loca...', Array)
#2 /opt/lampp/htdocs/cakephp3/vendor/cakephp/cakephp/src/Database/Schema/BaseSchema.php(45): Cake\Database\Driver\Mysql->connect()
#3 /opt/lampp/htdocs/cakephp3/vendor/cakephp/cakephp/src/Database/Dialect/MysqlDialectTrait.php(63): Cake\Database\Schema\BaseSchema->__construct(Object(Cake\Database\Driver\Mysql))
#4 /opt/lampp/htdocs/cakephp3/vendor/cakephp/cakephp/src/Database/Schema/Collection.php(52): Cake\Database\Driver\Mysql->schemaDialect()
#5 /opt/lampp/htdocs/cakephp3/vendor/cakephp/cakephp/src/Database/Schema/CachedCollection.php(43): Cake\Database\Schema\Collection->__construct(Object(Cake\Database\Connection))
#6 /opt/lampp/htdocs/cakephp3/vendor/cakephp/cakephp/src/Database/Connection.php(317): Cake\Database\Schema\CachedCollection->__construct(Object(Cake\Database\Connection), true)
#7 /opt/lampp/htdocs/cakephp3/vendor/cakephp/bake/src/Shell/Task/ModelTask.php(920): Cake\Database\Connection->schemaCollection()
#8 /opt/lampp/htdocs/cakephp3/vendor/cakephp/bake/src/Shell/Task/ModelTask.php(875): Bake\Shell\Task\ModelTask->_getAllTables()
#9 /opt/lampp/htdocs/cakephp3/vendor/cakephp/bake/src/Shell/Task/ModelTask.php(198): Bake\Shell\Task\ModelTask->listAll()
#10 /opt/lampp/htdocs/cakephp3/vendor/cakephp/bake/src/Shell/Task/ModelTask.php(124): Bake\Shell\Task\ModelTask->getAssociations(Object(App\Model\Table\UsersTable))
#11 /opt/lampp/htdocs/cakephp3/vendor/cakephp/bake/src/Shell/Task/ModelTask.php(109): Bake\Shell\Task\ModelTask->getTableContext(Object(App\Model\Table\UsersTable), 'users', 'Users')
#12 /opt/lampp/htdocs/cakephp3/vendor/cakephp/bake/src/Shell/Task/ModelTask.php(96): Bake\Shell\Task\ModelTask->bake('Users')
#13 /opt/lampp/htdocs/cakephp3/vendor/cakephp/bake/src/Shell/BakeShell.php(250): Bake\Shell\Task\ModelTask->main('Users')
#14 /opt/lampp/htdocs/cakephp3/vendor/cakephp/cakephp/src/Collection/CollectionTrait.php(51): Bake\Shell\BakeShell->Bake\Shell\{closure}('users', 0)
#15 /opt/lampp/htdocs/cakephp3/vendor/cakephp/bake/src/Shell/BakeShell.php(253): Cake\Collection\Collection->each(Object(Closure))
#16 [internal function]: Bake\Shell\BakeShell->all('users')
#17 /opt/lampp/htdocs/cakephp3/vendor/cakephp/cakephp/src/Console/Shell.php(444): call_user_func_array(Array, Array)
#18 /opt/lampp/htdocs/cakephp3/vendor/cakephp/cakephp/src/Console/ShellDispatcher.php(217): Cake\Console\Shell->runCommand(Array, true, Array)
#19 /opt/lampp/htdocs/cakephp3/vendor/cakephp/cakephp/src/Console/ShellDispatcher.php(181): Cake\Console\ShellDispatcher->_dispatch(Array)
#20 /opt/lampp/htdocs/cakephp3/vendor/cakephp/cakephp/src/Console/ShellDispatcher.php(127): Cake\Console\ShellDispatcher->dispatch(Array)
#21 /opt/lampp/htdocs/cakephp3/bin/cake.php(33): Cake\Console\ShellDispatcher::run(Array)
#22 {main}


2016-06-03 05:57:51 Error: [PDOException] SQLSTATE[HY000] [2002] Can't connect to local MySQL server through socket '/var/run/mysqld/mysqld.sock' (2)
Stack Trace:
#0 /opt/lampp/htdocs/cakephp3/vendor/cakephp/cakephp/src/Database/Driver/PDODriverTrait.php(48): PDO->__construct('mysql:host=loca...', 'root', '', Array)
#1 /opt/lampp/htdocs/cakephp3/vendor/cakephp/cakephp/src/Database/Driver/Mysql.php(90): Cake\Database\Driver\Mysql->_connect('mysql:host=loca...', Array)
#2 /opt/lampp/htdocs/cakephp3/vendor/cakephp/cakephp/src/Database/Schema/BaseSchema.php(45): Cake\Database\Driver\Mysql->connect()
#3 /opt/lampp/htdocs/cakephp3/vendor/cakephp/cakephp/src/Database/Dialect/MysqlDialectTrait.php(63): Cake\Database\Schema\BaseSchema->__construct(Object(Cake\Database\Driver\Mysql))
#4 /opt/lampp/htdocs/cakephp3/vendor/cakephp/cakephp/src/Database/Schema/Collection.php(52): Cake\Database\Driver\Mysql->schemaDialect()
#5 /opt/lampp/htdocs/cakephp3/vendor/cakephp/cakephp/src/Database/Schema/CachedCollection.php(43): Cake\Database\Schema\Collection->__construct(Object(Cake\Database\Connection))
#6 /opt/lampp/htdocs/cakephp3/vendor/cakephp/cakephp/src/Database/Connection.php(317): Cake\Database\Schema\CachedCollection->__construct(Object(Cake\Database\Connection), true)
#7 /opt/lampp/htdocs/cakephp3/vendor/cakephp/bake/src/Shell/Task/ModelTask.php(920): Cake\Database\Connection->schemaCollection()
#8 /opt/lampp/htdocs/cakephp3/vendor/cakephp/bake/src/Shell/Task/ModelTask.php(875): Bake\Shell\Task\ModelTask->_getAllTables()
#9 /opt/lampp/htdocs/cakephp3/vendor/cakephp/bake/src/Shell/Task/ModelTask.php(889): Bake\Shell\Task\ModelTask->listAll()
#10 /opt/lampp/htdocs/cakephp3/vendor/cakephp/bake/src/Shell/BakeShell.php(228): Bake\Shell\Task\ModelTask->listUnskipped()
#11 [internal function]: Bake\Shell\BakeShell->all()
#12 /opt/lampp/htdocs/cakephp3/vendor/cakephp/cakephp/src/Console/Shell.php(444): call_user_func_array(Array, Array)
#13 /opt/lampp/htdocs/cakephp3/vendor/cakephp/cakephp/src/Console/ShellDispatcher.php(217): Cake\Console\Shell->runCommand(Array, true, Array)
#14 /opt/lampp/htdocs/cakephp3/vendor/cakephp/cakephp/src/Console/ShellDispatcher.php(181): Cake\Console\ShellDispatcher->_dispatch(Array)
#15 /opt/lampp/htdocs/cakephp3/vendor/cakephp/cakephp/src/Console/ShellDispatcher.php(127): Cake\Console\ShellDispatcher->dispatch(Array)
#16 /opt/lampp/htdocs/cakephp3/bin/cake.php(33): Cake\Console\ShellDispatcher::run(Array)
#17 {main}


2016-06-03 06:04:27 Error: [PDOException] SQLSTATE[HY000] [2002] Can't connect to local MySQL server through socket '/var/run/mysqld/mysqld.sock' (2)
Stack Trace:
#0 /opt/lampp/htdocs/cakephp3/vendor/cakephp/cakephp/src/Database/Driver/PDODriverTrait.php(48): PDO->__construct('mysql:host=loca...', 'root', '', Array)
#1 /opt/lampp/htdocs/cakephp3/vendor/cakephp/cakephp/src/Database/Driver/Mysql.php(90): Cake\Database\Driver\Mysql->_connect('mysql:host=loca...', Array)
#2 /opt/lampp/htdocs/cakephp3/vendor/cakephp/cakephp/src/Database/Schema/BaseSchema.php(45): Cake\Database\Driver\Mysql->connect()
#3 /opt/lampp/htdocs/cakephp3/vendor/cakephp/cakephp/src/Database/Dialect/MysqlDialectTrait.php(63): Cake\Database\Schema\BaseSchema->__construct(Object(Cake\Database\Driver\Mysql))
#4 /opt/lampp/htdocs/cakephp3/vendor/cakephp/cakephp/src/Database/Schema/Collection.php(52): Cake\Database\Driver\Mysql->schemaDialect()
#5 /opt/lampp/htdocs/cakephp3/vendor/cakephp/cakephp/src/Database/Schema/CachedCollection.php(43): Cake\Database\Schema\Collection->__construct(Object(Cake\Database\Connection))
#6 /opt/lampp/htdocs/cakephp3/vendor/cakephp/cakephp/src/Database/Connection.php(317): Cake\Database\Schema\CachedCollection->__construct(Object(Cake\Database\Connection), true)
#7 /opt/lampp/htdocs/cakephp3/vendor/cakephp/bake/src/Shell/Task/ModelTask.php(920): Cake\Database\Connection->schemaCollection()
#8 /opt/lampp/htdocs/cakephp3/vendor/cakephp/bake/src/Shell/Task/ModelTask.php(875): Bake\Shell\Task\ModelTask->_getAllTables()
#9 /opt/lampp/htdocs/cakephp3/vendor/cakephp/bake/src/Shell/Task/ModelTask.php(198): Bake\Shell\Task\ModelTask->listAll()
#10 /opt/lampp/htdocs/cakephp3/vendor/cakephp/bake/src/Shell/Task/ModelTask.php(124): Bake\Shell\Task\ModelTask->getAssociations(Object(App\Model\Table\UsersTable))
#11 /opt/lampp/htdocs/cakephp3/vendor/cakephp/bake/src/Shell/Task/ModelTask.php(109): Bake\Shell\Task\ModelTask->getTableContext(Object(App\Model\Table\UsersTable), 'users', 'Users')
#12 /opt/lampp/htdocs/cakephp3/vendor/cakephp/bake/src/Shell/Task/ModelTask.php(96): Bake\Shell\Task\ModelTask->bake('Users')
#13 /opt/lampp/htdocs/cakephp3/vendor/cakephp/bake/src/Shell/BakeShell.php(250): Bake\Shell\Task\ModelTask->main('Users')
#14 /opt/lampp/htdocs/cakephp3/vendor/cakephp/cakephp/src/Collection/CollectionTrait.php(51): Bake\Shell\BakeShell->Bake\Shell\{closure}('users', 0)
#15 /opt/lampp/htdocs/cakephp3/vendor/cakephp/bake/src/Shell/BakeShell.php(253): Cake\Collection\Collection->each(Object(Closure))
#16 [internal function]: Bake\Shell\BakeShell->all('users')
#17 /opt/lampp/htdocs/cakephp3/vendor/cakephp/cakephp/src/Console/Shell.php(444): call_user_func_array(Array, Array)
#18 /opt/lampp/htdocs/cakephp3/vendor/cakephp/cakephp/src/Console/ShellDispatcher.php(217): Cake\Console\Shell->runCommand(Array, true, Array)
#19 /opt/lampp/htdocs/cakephp3/vendor/cakephp/cakephp/src/Console/ShellDispatcher.php(181): Cake\Console\ShellDispatcher->_dispatch(Array)
#20 /opt/lampp/htdocs/cakephp3/vendor/cakephp/cakephp/src/Console/ShellDispatcher.php(127): Cake\Console\ShellDispatcher->dispatch(Array)
#21 /opt/lampp/htdocs/cakephp3/bin/cake.php(33): Cake\Console\ShellDispatcher::run(Array)
#22 {main}


2016-06-03 14:50:49 Error: [PDOException] SQLSTATE[HY000] [2002] Can't connect to local MySQL server through socket '/var/run/mysqld/mysqld.sock' (2)
Stack Trace:
#0 /opt/lampp/htdocs/cakephp3/vendor/cakephp/cakephp/src/Database/Driver/PDODriverTrait.php(48): PDO->__construct('mysql:host=loca...', 'root', '', Array)
#1 /opt/lampp/htdocs/cakephp3/vendor/cakephp/cakephp/src/Database/Driver/Mysql.php(90): Cake\Database\Driver\Mysql->_connect('mysql:host=loca...', Array)
#2 /opt/lampp/htdocs/cakephp3/vendor/cakephp/cakephp/src/Database/Schema/BaseSchema.php(45): Cake\Database\Driver\Mysql->connect()
#3 /opt/lampp/htdocs/cakephp3/vendor/cakephp/cakephp/src/Database/Dialect/MysqlDialectTrait.php(63): Cake\Database\Schema\BaseSchema->__construct(Object(Cake\Database\Driver\Mysql))
#4 /opt/lampp/htdocs/cakephp3/vendor/cakephp/cakephp/src/Database/Schema/Collection.php(52): Cake\Database\Driver\Mysql->schemaDialect()
#5 /opt/lampp/htdocs/cakephp3/vendor/cakephp/cakephp/src/Database/Schema/CachedCollection.php(43): Cake\Database\Schema\Collection->__construct(Object(Cake\Database\Connection))
#6 /opt/lampp/htdocs/cakephp3/vendor/cakephp/cakephp/src/Database/Connection.php(317): Cake\Database\Schema\CachedCollection->__construct(Object(Cake\Database\Connection), true)
#7 /opt/lampp/htdocs/cakephp3/vendor/cakephp/bake/src/Shell/Task/ModelTask.php(920): Cake\Database\Connection->schemaCollection()
#8 /opt/lampp/htdocs/cakephp3/vendor/cakephp/bake/src/Shell/Task/ModelTask.php(875): Bake\Shell\Task\ModelTask->_getAllTables()
#9 /opt/lampp/htdocs/cakephp3/vendor/cakephp/bake/src/Shell/Task/ModelTask.php(198): Bake\Shell\Task\ModelTask->listAll()
#10 /opt/lampp/htdocs/cakephp3/vendor/cakephp/bake/src/Shell/Task/ModelTask.php(124): Bake\Shell\Task\ModelTask->getAssociations(Object(App\Model\Table\UsersTable))
#11 /opt/lampp/htdocs/cakephp3/vendor/cakephp/bake/src/Shell/Task/ModelTask.php(109): Bake\Shell\Task\ModelTask->getTableContext(Object(App\Model\Table\UsersTable), 'users', 'Users')
#12 /opt/lampp/htdocs/cakephp3/vendor/cakephp/bake/src/Shell/Task/ModelTask.php(96): Bake\Shell\Task\ModelTask->bake('Users')
#13 /opt/lampp/htdocs/cakephp3/vendor/cakephp/bake/src/Shell/BakeShell.php(250): Bake\Shell\Task\ModelTask->main('Users')
#14 /opt/lampp/htdocs/cakephp3/vendor/cakephp/cakephp/src/Collection/CollectionTrait.php(51): Bake\Shell\BakeShell->Bake\Shell\{closure}('users', 0)
#15 /opt/lampp/htdocs/cakephp3/vendor/cakephp/bake/src/Shell/BakeShell.php(253): Cake\Collection\Collection->each(Object(Closure))
#16 [internal function]: Bake\Shell\BakeShell->all('users')
#17 /opt/lampp/htdocs/cakephp3/vendor/cakephp/cakephp/src/Console/Shell.php(444): call_user_func_array(Array, Array)
#18 /opt/lampp/htdocs/cakephp3/vendor/cakephp/cakephp/src/Console/ShellDispatcher.php(217): Cake\Console\Shell->runCommand(Array, true, Array)
#19 /opt/lampp/htdocs/cakephp3/vendor/cakephp/cakephp/src/Console/ShellDispatcher.php(181): Cake\Console\ShellDispatcher->_dispatch(Array)
#20 /opt/lampp/htdocs/cakephp3/vendor/cakephp/cakephp/src/Console/ShellDispatcher.php(127): Cake\Console\ShellDispatcher->dispatch(Array)
#21 /opt/lampp/htdocs/cakephp3/bin/cake.php(33): Cake\Console\ShellDispatcher::run(Array)
#22 {main}


